3c3
< httpd_hostname = 169.254.125.35
---
> httpd_hostname = hshan-httpd
18c18
< servlets_server = 169.254.125.16
---
> servlets_server = hshan-tomcat
21c21
< servlets_servers = 169.254.125.16
---
> servlets_servers = hshan-tomcat
30,31c30,31
< database_master_server = 169.254.125.20
< database_servers = 169.254.125.20
---
> database_master_server = hshan-mysql
> database_servers = hshan-mysql
40c40
< workload_benchmark_node = 169.254.201.2
---
> workload_benchmark_node = hshan-bench
42c42
< workload_remote_client_command = /mnt/local_disk/softwares/jdk1.7.0_06/bin/java -classpath .:/mnt/local_disk/elba/rubbos/RUBBoS/Client/:/mnt/local_disk/elba/rubbos/RUBBoS/Client/rubbos_client.jar -Xmx3000m -Dhttp.keepAlive=true -Dhttp.maxConnections=1000000 edu.rice.rubbos.client.ClientEmulator
---
> workload_remote_client_command = /root/softwares/jdk1.7.0_79/bin/java -classpath .:/root/elba/rubbos/RUBBoS/Client/:/root/elba/rubbos/RUBBoS/Client/rubbos_client.jar -Xmx1300m -Dhttp.keepAlive=true -Dhttp.maxConnections=1000000 edu.rice.rubbos.client.ClientEmulator
48,49c48,49
< workload_user_transition_table = /mnt/local_disk/elba/rubbos/RUBBoS/workload/user_transitions.txt
< workload_author_transition_table = /mnt/local_disk/elba/rubbos/RUBBoS/workload/author_transitions.txt
---
> workload_user_transition_table = /root/elba/rubbos/RUBBoS/workload/user_transitions.txt
> workload_author_transition_table = /root/elba/rubbos/RUBBoS/workload/author_transitions.txt
57,58c57,58
< workload_up_ramp_time_in_ms = 180000
< workload_up_ramp_slowdown_factor = 3
---
> workload_up_ramp_time_in_ms = 120000
> workload_up_ramp_slowdown_factor = 2
70c70
< database_story_dictionnary = /mnt/local_disk/elba/rubbos/RUBBoS/database/dictionary
---
> database_story_dictionnary = /root/elba/rubbos/RUBBoS/database/dictionary
81c81
< #monitoring_program = /mnt/local_disk/elba/rubbos/sysstat-7.0.0/sar
---
> #monitoring_program = /root/elba/rubbos/sysstat-11.2.0/sar
