
>>>
hshan-httpd

>>>
hshan-mysql

>>>
hshan-tomcat

>>>
hshan-client
bin
CVS
elba_script
genExperimentScripts.sh
hshan_1_1_1_suc.xml
hshan_1_1_1.xml
jar_path.log
lib
main.sh
meta-model
quickRubisExperimentTutorial.txt
rubbos.war
source
Sysviz-Validation-1212.xml
tbl
tblplus
templates
test_specification
wsml

>>>
hshan-bench

>>>
hshan-control
bin
CVS
elba_script
genExperimentScripts.sh
hshan_1_1_1_suc.xml
hshan_1_1_1.xml
jar_path.log
lib
main.sh
meta-model
quickRubisExperimentTutorial.txt
rubbos.war
source
Sysviz-Validation-1212.xml
tbl
tblplus
templates
test_specification
wsml

>>>
hshan-mysql2
bin
CVS
elba_script
genExperimentScripts.sh
hshan_1_1_1_suc.xml
hshan_1_1_1.xml
jar_path.log
lib
main.sh
meta-model
quickRubisExperimentTutorial.txt
rubbos.war
source
Sysviz-Validation-1212.xml
tbl
tblplus
templates
test_specification
wsml

>>>
hshan-tomcat2
bin
CVS
elba_script
genExperimentScripts.sh
hshan_1_1_1_suc.xml
hshan_1_1_1.xml
jar_path.log
lib
main.sh
meta-model
quickRubisExperimentTutorial.txt
rubbos.war
source
Sysviz-Validation-1212.xml
tbl
tblplus
templates
test_specification
wsml
